\BOOKMARK [1][-]{section.1}{KiCad}{}% 1
\BOOKMARK [1][-]{section.2}{Example 1: Arduino dice}{}% 2
\BOOKMARK [2][-]{subsection.2.1}{Starting KiCad}{section.2}% 3
\BOOKMARK [2][-]{subsection.2.2}{Schematic Capture}{section.2}% 4
\BOOKMARK [2][-]{subsection.2.3}{Creating Schematic Symbols}{section.2}% 5
\BOOKMARK [2][-]{subsection.2.4}{Associating schematic symbols with footprint}{section.2}% 6
\BOOKMARK [2][-]{subsection.2.5}{Creating or Editing Footprint}{section.2}% 7
\BOOKMARK [3][-]{subsubsection.2.5.1}{SMD capacitor}{subsection.2.5}% 8
\BOOKMARK [3][-]{subsubsection.2.5.2}{Push button switch}{subsection.2.5}% 9
\BOOKMARK [3][-]{subsubsection.2.5.3}{ATmega328P microcontroller}{subsection.2.5}% 10
\BOOKMARK [3][-]{subsubsection.2.5.4}{The rest of the components}{subsection.2.5}% 11
\BOOKMARK [2][-]{subsection.2.6}{Laying out the PCB}{section.2}% 12
\BOOKMARK [2][-]{subsection.2.7}{Generating Fabrication Files}{section.2}% 13
\BOOKMARK [1][-]{section.3}{Example 2: RF amplifier}{}% 14
\BOOKMARK [2][-]{subsection.3.1}{Some Unique Concepts to High Frequency PCB Design}{section.3}% 15
\BOOKMARK [3][-]{subsubsection.3.1.1}{Controlled Impedance Lines}{subsection.3.1}% 16
\BOOKMARK [3][-]{subsubsection.3.1.2}{Microstrip lines with Top Copper Shield}{subsection.3.1}% 17
\BOOKMARK [3][-]{subsubsection.3.1.3}{Transmission Lines Bends}{subsection.3.1}% 18
\BOOKMARK [3][-]{subsubsection.3.1.4}{Short transmission lines}{subsection.3.1}% 19
\BOOKMARK [2][-]{subsection.3.2}{Circuit schematic and component selection}{section.3}% 20
\BOOKMARK [3][-]{subsubsection.3.2.1}{RF-choke inductor}{subsection.3.2}% 21
\BOOKMARK [2][-]{subsection.3.3}{Component footprints}{section.3}% 22
\BOOKMARK [3][-]{subsubsection.3.3.1}{ADL5602 footprint}{subsection.3.3}% 23
\BOOKMARK [3][-]{subsubsection.3.3.2}{Inductor footprint}{subsection.3.3}% 24
\BOOKMARK [3][-]{subsubsection.3.3.3}{SMA connector footprint}{subsection.3.3}% 25
\BOOKMARK [3][-]{subsubsection.3.3.4}{VCC and GND footprint}{subsection.3.3}% 26
\BOOKMARK [2][-]{subsection.3.4}{PCB Layout}{section.3}% 27
\BOOKMARK [1][-]{section.4}{Further Reading}{}% 28
